RUN	com.gatling.tests.AddComputerAndSearch	addcomputerandsearch	1663492098268	 	3.6.1
USER	AddComputerAndSearch	START	1663492099395
USER	AddComputerAndSearch	START	1663492099395
USER	AddComputerAndSearch	START	1663492099395
USER	AddComputerAndSearch	START	1663492099395
USER	AddComputerAndSearch	START	1663492099395
USER	AddComputerAndSearch	START	1663492099395
USER	AddComputerAndSearch	START	1663492099395
USER	AddComputerAndSearch	START	1663492099395
USER	AddComputerAndSearch	START	1663492099395
USER	AddComputerAndSearch	START	1663492099395
REQUEST		Homepage	1663492099429	1663492100634	OK	 
REQUEST		Homepage	1663492099429	1663492100634	OK	 
REQUEST		Homepage	1663492099429	1663492100634	OK	 
REQUEST		Homepage	1663492099429	1663492100634	OK	 
REQUEST		Homepage	1663492099429	1663492100634	OK	 
REQUEST		Homepage	1663492099429	1663492100634	OK	 
REQUEST		Homepage	1663492099429	1663492100634	OK	 
REQUEST		Homepage	1663492099429	1663492100634	OK	 
REQUEST		Homepage	1663492099429	1663492100634	OK	 
REQUEST		Homepage	1663492099429	1663492100634	OK	 
REQUEST		MewComputerPage	1663492100721	1663492101036	OK	 
REQUEST		MewComputerPage	1663492100721	1663492101036	OK	 
REQUEST		MewComputerPage	1663492100721	1663492101036	OK	 
REQUEST		MewComputerPage	1663492100722	1663492101036	OK	 
REQUEST		MewComputerPage	1663492100721	1663492101036	OK	 
REQUEST		MewComputerPage	1663492100721	1663492101046	OK	 
REQUEST		MewComputerPage	1663492100721	1663492101047	OK	 
REQUEST		MewComputerPage	1663492100721	1663492101047	OK	 
REQUEST		MewComputerPage	1663492100722	1663492101047	OK	 
REQUEST		MewComputerPage	1663492100721	1663492101052	KO	status.find.in(200,201,202,203,204,205,206,207,208,209,304), found 429
REQUEST		SaveComputer	1663492101064	1663492101345	KO	status.find.in(200,201,202,203,204,205,206,207,208,209,304), found 429
REQUEST		SaveComputer	1663492101063	1663492101346	KO	status.find.in(200,201,202,203,204,205,206,207,208,209,304), found 429
REQUEST		SaveComputer	1663492101071	1663492101346	KO	status.find.in(200,201,202,203,204,205,206,207,208,209,304), found 429
REQUEST		SaveComputer	1663492101063	1663492101346	OK	 
REQUEST		SaveComputer	1663492101064	1663492101345	OK	 
REQUEST		SaveComputer	1663492101064	1663492101345	OK	 
REQUEST		SaveComputer	1663492101063	1663492101345	OK	 
REQUEST		SaveComputer	1663492101064	1663492101345	OK	 
REQUEST		SaveComputer	1663492101064	1663492101345	OK	 
REQUEST		SaveComputer	1663492101063	1663492101346	OK	 
REQUEST		SearchComputer	1663492101347	1663492101653	OK	 
REQUEST		SaveComputer Redirect 1	1663492101362	1663492101653	OK	 
REQUEST		SearchComputer	1663492101347	1663492101654	OK	 
REQUEST		SaveComputer Redirect 1	1663492101362	1663492101655	OK	 
REQUEST		SaveComputer Redirect 1	1663492101362	1663492101653	KO	status.find.in(200,201,202,203,204,205,206,207,208,209,304), found 429
REQUEST		SearchComputer	1663492101347	1663492101655	OK	 
REQUEST		SaveComputer Redirect 1	1663492101362	1663492101654	KO	status.find.in(200,201,202,203,204,205,206,207,208,209,304), found 429
REQUEST		SaveComputer Redirect 1	1663492101362	1663492101655	OK	 
REQUEST		SaveComputer Redirect 1	1663492101362	1663492101653	KO	status.find.in(200,201,202,203,204,205,206,207,208,209,304), found 429
REQUEST		SaveComputer Redirect 1	1663492101362	1663492101654	KO	status.find.in(200,201,202,203,204,205,206,207,208,209,304), found 429
USER	AddComputerAndSearch	END	1663492101658
USER	AddComputerAndSearch	END	1663492101658
USER	AddComputerAndSearch	END	1663492101658
REQUEST		SearchComputer	1663492101656	1663492101959	OK	 
REQUEST		SearchComputer	1663492101656	1663492101959	OK	 
REQUEST		SearchComputer	1663492101656	1663492101960	OK	 
REQUEST		SearchComputer	1663492101656	1663492101959	KO	status.find.in(200,201,202,203,204,205,206,207,208,209,304), found 429
REQUEST		SearchComputer	1663492101656	1663492101960	OK	 
REQUEST		SearchComputer	1663492101656	1663492101960	OK	 
REQUEST		SearchComputer	1663492101657	1663492101959	KO	status.find.in(200,201,202,203,204,205,206,207,208,209,304), found 429
USER	AddComputerAndSearch	END	1663492101961
USER	AddComputerAndSearch	END	1663492101961
USER	AddComputerAndSearch	END	1663492101961
USER	AddComputerAndSearch	END	1663492101961
USER	AddComputerAndSearch	END	1663492101962
USER	AddComputerAndSearch	END	1663492101962
USER	AddComputerAndSearch	END	1663492101962
